<?xml version="1.0" encoding="UTF-8"?>
<!-- Generated by org.testng.reporters.JUnitReportReporter -->
<testsuite hostname="DHAMO" failures="0" tests="1" name="testCases.TC_RF_001" time="16.278" errors="0" timestamp="2024-09-26T20:02:15 IST" skipped="0">
  <testcase classname="testCases.TC_RF_001" name="register" time="16.278"/>
</testsuite> <!-- testCases.TC_RF_001 -->
