<?xml version="1.0" encoding="UTF-8"?>
<!-- Generated by org.testng.reporters.JUnitReportReporter -->
<testsuite hostname="DHAMO" failures="0" tests="1" name="testCases.TS_002.TS_002_Set1" time="57.015" errors="0" timestamp="2024-09-26T20:02:15 IST" skipped="0">
  <testcase classname="testCases.TS_002.TS_002_Set1" name="login" time="57.015"/>
</testsuite> <!-- testCases.TS_002.TS_002_Set1 -->
